Tue Apr 18 19:58:34 BRT 2017 : Apache Derby Servidor de Rede - 10.10.2.0 - (1582446) iniciado e pronto para aceitar conexões na porta 1527 em {3}
----------------------------------------------------------------
Tue Apr 18 19:58:48 BRT 2017:
 Inicializando o Derby versão The Apache Software Foundation - Apache Derby - 10.10.2.0 - (1582446): instância a816c00e-015b-8349-eb48-000028cc8d86
no diretório de banco de dados C:\Victor\Mackenzie\LP3\Consulta\Consulta\db\db_consulta 

java.vendor=Oracle Corporation
java.runtime.version=1.8.0_112-b15
user.dir=C:\Program Files\glassfish-4.1.1\javadb
os.name=Windows 10
os.arch=amd64
os.version=10.0
derby.system.home=C:\Victor\Mackenzie\LP3\Consulta\Consulta\db
Carregador de classe do banco de dados iniciado - derby.database.classpath=''
----------------------------------------------------------------
Tue Apr 18 19:58:57 BRT 2017:
Encerrando a instância a816c00e-015b-8349-eb48-000028cc8d86
Tue Apr 18 19:58:57 BRT 2017 Thread[DRDAConnThread_3,5,main] (DATABASE = db_consulta), (DRDAID = {2}), Banco de dados 'db_consulta' fechado.
----------------------------------------------------------------
Tue Apr 18 20:42:14 BRT 2017: Shutting down Derby engine
----------------------------------------------------------------
